<?xml version="1.0" encoding="UTF-8"?>
<!-- Generated by org.testng.reporters.JUnitReportReporter -->
<testsuite skipped="0" hostname="JaivirMacBook-Pro.local" name="com.shaadi.Test.LoginTest" tests="1" failures="0" timestamp="12 May 2018 15:42:33 GMT" time="1.661" errors="0">
  <testcase name="verifyLoginPage" time="1.661" classname="com.shaadi.Test.LoginTest"/>
</testsuite> <!-- com.shaadi.Test.LoginTest -->
