<?xml version="1.0" encoding="UTF-8"?>
<!-- Generated by org.testng.reporters.JUnitReportReporter -->
<testsuite skipped="0" hostname="JaivirMacBook-Pro.local" name="com.shaadi.Test.TestSuite" tests="2" failures="0" timestamp="20 May 2018 17:01:16 GMT" time="109.020" errors="0">
  <testcase name="verifyLoginPage" time="14.119" classname="com.shaadi.Test.TestSuite"/>
  <testcase name="verifySearchPage" time="94.901" classname="com.shaadi.Test.TestSuite"/>
</testsuite> <!-- com.shaadi.Test.TestSuite -->
